<?xml version="1.0" encoding="UTF-8"?>
<testsuite xmlns:xsi="http://www.w3.org/2001/XMLSchema-instance" xsi:noNamespaceSchemaLocation="https://maven.apache.org/surefire/maven-surefire-plugin/xsd/surefire-test-report.xsd" version="3.0.2" name="com.fioritech.gimnasio.GimnasioApplicationTests" time="7.442" tests="1" errors="0" skipped="0" failures="0">
  <properties>
    <property name="java.specification.version" value="17"/>
    <property name="sun.jnu.encoding" value="UTF-8"/>
    <property name="java.class.path" value="/home/f4cul3ll4/prueba/ExC/gimnasio/target/test-classes:/home/f4cul3ll4/prueba/ExC/gimnasio/target/classes:/home/f4cul3ll4/.m2/repository/org/springframework/boot/spring-boot-starter-data-jpa/3.5.6/spring-boot-starter-data-jpa-3.5.6.jar:/home/f4cul3ll4/.m2/repository/org/springframework/boot/spring-boot-starter/3.5.6/spring-boot-starter-3.5.6.jar:/home/f4cul3ll4/.m2/repository/org/springframework/boot/spring-boot/3.5.6/spring-boot-3.5.6.jar:/home/f4cul3ll4/.m2/repository/org/springframework/boot/spring-boot-autoconfigure/3.5.6/spring-boot-autoconfigure-3.5.6.jar:/home/f4cul3ll4/.m2/repository/org/springframework/boot/spring-boot-starter-logging/3.5.6/spring-boot-starter-logging-3.5.6.jar:/home/f4cul3ll4/.m2/repository/ch/qos/logback/logback-classic/1.5.18/logback-classic-1.5.18.jar:/home/f4cul3ll4/.m2/repository/ch/qos/logback/logback-core/1.5.18/logback-core-1.5.18.jar:/home/f4cul3ll4/.m2/repository/org/apache/logging/log4j/log4j-to-slf4j/2.24.3/log4j-to-slf4j-2.24.3.jar:/home/f4cul3ll4/.m2/repository/org/apache/logging/log4j/log4j-api/2.24.3/log4j-api-2.24.3.jar:/home/f4cul3ll4/.m2/repository/org/slf4j/jul-to-slf4j/2.0.17/jul-to-slf4j-2.0.17.jar:/home/f4cul3ll4/.m2/repository/jakarta/annotation/jakarta.annotation-api/2.1.1/jakarta.annotation-api-2.1.1.jar:/home/f4cul3ll4/.m2/repository/org/yaml/snakeyaml/2.4/snakeyaml-2.4.jar:/home/f4cul3ll4/.m2/repository/org/springframework/boot/spring-boot-starter-jdbc/3.5.6/spring-boot-starter-jdbc-3.5.6.jar:/home/f4cul3ll4/.m2/repository/com/zaxxer/HikariCP/6.3.3/HikariCP-6.3.3.jar:/home/f4cul3ll4/.m2/repository/org/springframework/spring-jdbc/6.2.11/spring-jdbc-6.2.11.jar:/home/f4cul3ll4/.m2/repository/org/hibernate/orm/hibernate-core/6.6.29.Final/hibernate-core-6.6.29.Final.jar:/home/f4cul3ll4/.m2/repository/jakarta/persistence/jakarta.persistence-api/3.1.0/jakarta.persistence-api-3.1.0.jar:/home/f4cul3ll4/.m2/repository/jakarta/transaction/jakarta.transaction-api/2.0.1/jakarta.transaction-api-2.0.1.jar:/home/f4cul3ll4/.m2/repository/org/jboss/logging/jboss-logging/3.6.1.Final/jboss-logging-3.6.1.Final.jar:/home/f4cul3ll4/.m2/repository/org/hibernate/common/hibernate-commons-annotations/7.0.3.Final/hibernate-commons-annotations-7.0.3.Final.jar:/home/f4cul3ll4/.m2/repository/io/smallrye/jandex/3.2.0/jandex-3.2.0.jar:/home/f4cul3ll4/.m2/repository/com/fasterxml/classmate/1.7.0/classmate-1.7.0.jar:/home/f4cul3ll4/.m2/repository/net/bytebuddy/byte-buddy/1.17.7/byte-buddy-1.17.7.jar:/home/f4cul3ll4/.m2/repository/org/glassfish/jaxb/jaxb-runtime/4.0.5/jaxb-runtime-4.0.5.jar:/home/f4cul3ll4/.m2/repository/org/glassfish/jaxb/jaxb-core/4.0.5/jaxb-core-4.0.5.jar:/home/f4cul3ll4/.m2/repository/org/glassfish/jaxb/txw2/4.0.5/txw2-4.0.5.jar:/home/f4cul3ll4/.m2/repository/com/sun/istack/istack-commons-runtime/4.1.2/istack-commons-runtime-4.1.2.jar:/home/f4cul3ll4/.m2/repository/jakarta/inject/jakarta.inject-api/2.0.1/jakarta.inject-api-2.0.1.jar:/home/f4cul3ll4/.m2/repository/org/antlr/antlr4-runtime/4.13.0/antlr4-runtime-4.13.0.jar:/home/f4cul3ll4/.m2/repository/org/springframework/data/spring-data-jpa/3.5.4/spring-data-jpa-3.5.4.jar:/home/f4cul3ll4/.m2/repository/org/springframework/data/spring-data-commons/3.5.4/spring-data-commons-3.5.4.jar:/home/f4cul3ll4/.m2/repository/org/springframework/spring-orm/6.2.11/spring-orm-6.2.11.jar:/home/f4cul3ll4/.m2/repository/org/springframework/spring-context/6.2.11/spring-context-6.2.11.jar:/home/f4cul3ll4/.m2/repository/org/springframework/spring-tx/6.2.11/spring-tx-6.2.11.jar:/home/f4cul3ll4/.m2/repository/org/springframework/spring-beans/6.2.11/spring-beans-6.2.11.jar:/home/f4cul3ll4/.m2/repository/org/springframework/spring-aspects/6.2.11/spring-aspects-6.2.11.jar:/home/f4cul3ll4/.m2/repository/org/aspectj/aspectjweaver/1.9.24/aspectjweaver-1.9.24.jar:/home/f4cul3ll4/.m2/repository/org/springframework/boot/spring-boot-starter-thymeleaf/3.5.6/spring-boot-starter-thymeleaf-3.5.6.jar:/home/f4cul3ll4/.m2/repository/org/thymeleaf/thymeleaf-spring6/3.1.3.RELEASE/thymeleaf-spring6-3.1.3.RELEASE.jar:/home/f4cul3ll4/.m2/repository/org/thymeleaf/thymeleaf/3.1.3.RELEASE/thymeleaf-3.1.3.RELEASE.jar:/home/f4cul3ll4/.m2/repository/org/attoparser/attoparser/2.0.7.RELEASE/attoparser-2.0.7.RELEASE.jar:/home/f4cul3ll4/.m2/repository/org/unbescape/unbescape/1.1.6.RELEASE/unbescape-1.1.6.RELEASE.jar:/home/f4cul3ll4/.m2/repository/org/springframework/boot/spring-boot-starter-validation/3.5.6/spring-boot-starter-validation-3.5.6.jar:/home/f4cul3ll4/.m2/repository/org/apache/tomcat/embed/tomcat-embed-el/10.1.46/tomcat-embed-el-10.1.46.jar:/home/f4cul3ll4/.m2/repository/org/hibernate/validator/hibernate-validator/8.0.3.Final/hibernate-validator-8.0.3.Final.jar:/home/f4cul3ll4/.m2/repository/jakarta/validation/jakarta.validation-api/3.0.2/jakarta.validation-api-3.0.2.jar:/home/f4cul3ll4/.m2/repository/org/springframework/boot/spring-boot-starter-web/3.5.6/spring-boot-starter-web-3.5.6.jar:/home/f4cul3ll4/.m2/repository/org/springframework/boot/spring-boot-starter-json/3.5.6/spring-boot-starter-json-3.5.6.jar:/home/f4cul3ll4/.m2/repository/com/fasterxml/jackson/core/jackson-databind/2.19.2/jackson-databind-2.19.2.jar:/home/f4cul3ll4/.m2/repository/com/fasterxml/jackson/core/jackson-annotations/2.19.2/jackson-annotations-2.19.2.jar:/home/f4cul3ll4/.m2/repository/com/fasterxml/jackson/core/jackson-core/2.19.2/jackson-core-2.19.2.jar:/home/f4cul3ll4/.m2/repository/com/fasterxml/jackson/datatype/jackson-datatype-jdk8/2.19.2/jackson-datatype-jdk8-2.19.2.jar:/home/f4cul3ll4/.m2/repository/com/fasterxml/jackson/datatype/jackson-datatype-jsr310/2.19.2/jackson-datatype-jsr310-2.19.2.jar:/home/f4cul3ll4/.m2/repository/com/fasterxml/jackson/module/jackson-module-parameter-names/2.19.2/jackson-module-parameter-names-2.19.2.jar:/home/f4cul3ll4/.m2/repository/org/springframework/boot/spring-boot-starter-tomcat/3.5.6/spring-boot-starter-tomcat-3.5.6.jar:/home/f4cul3ll4/.m2/repository/org/apache/tomcat/embed/tomcat-embed-core/10.1.46/tomcat-embed-core-10.1.46.jar:/home/f4cul3ll4/.m2/repository/org/apache/tomcat/embed/tomcat-embed-websocket/10.1.46/tomcat-embed-websocket-10.1.46.jar:/home/f4cul3ll4/.m2/repository/org/springframework/spring-web/6.2.11/spring-web-6.2.11.jar:/home/f4cul3ll4/.m2/repository/io/micrometer/micrometer-observation/1.15.4/micrometer-observation-1.15.4.jar:/home/f4cul3ll4/.m2/repository/io/micrometer/micrometer-commons/1.15.4/micrometer-commons-1.15.4.jar:/home/f4cul3ll4/.m2/repository/org/springframework/spring-webmvc/6.2.11/spring-webmvc-6.2.11.jar:/home/f4cul3ll4/.m2/repository/org/springframework/spring-expression/6.2.11/spring-expression-6.2.11.jar:/home/f4cul3ll4/.m2/repository/com/mercadopago/sdk-java/2.1.13/sdk-java-2.1.13.jar:/home/f4cul3ll4/.m2/repository/org/apache/maven/plugins/maven-javadoc-plugin/3.5.0/maven-javadoc-plugin-3.5.0.jar:/home/f4cul3ll4/.m2/repository/javax/inject/javax.inject/1/javax.inject-1.jar:/home/f4cul3ll4/.m2/repository/org/apache/maven/reporting/maven-reporting-api/3.1.1/maven-reporting-api-3.1.1.jar:/home/f4cul3ll4/.m2/repository/org/apache/maven/maven-archiver/3.6.0/maven-archiver-3.6.0.jar:/home/f4cul3ll4/.m2/repository/org/codehaus/plexus/plexus-io/3.4.0/plexus-io-3.4.0.jar:/home/f4cul3ll4/.m2/repository/org/codehaus/plexus/plexus-archiver/4.4.0/plexus-archiver-4.4.0.jar:/home/f4cul3ll4/.m2/repository/org/apache/commons/commons-compress/1.21/commons-compress-1.21.jar:/home/f4cul3ll4/.m2/repository/org/iq80/snappy/snappy/0.4/snappy-0.4.jar:/home/f4cul3ll4/.m2/repository/org/tukaani/xz/1.9/xz-1.9.jar:/home/f4cul3ll4/.m2/repository/org/codehaus/plexus/plexus-interpolation/1.26/plexus-interpolation-1.26.jar:/home/f4cul3ll4/.m2/repository/org/apache/maven/shared/maven-invoker/3.2.0/maven-invoker-3.2.0.jar:/home/f4cul3ll4/.m2/repository/org/apache/maven/shared/maven-shared-utils/3.3.4/maven-shared-utils-3.3.4.jar:/home/f4cul3ll4/.m2/repository/org/apache/maven/shared/maven-common-artifact-filters/3.2.0/maven-common-artifact-filters-3.2.0.jar:/home/f4cul3ll4/.m2/repository/org/apache/maven/maven-artifact/3.1.1/maven-artifact-3.1.1.jar:/home/f4cul3ll4/.m2/repository/org/apache/maven/maven-model/3.1.1/maven-model-3.1.1.jar:/home/f4cul3ll4/.m2/repository/org/apache/maven/maven-core/3.1.1/maven-core-3.1.1.jar:/home/f4cul3ll4/.m2/repository/org/apache/maven/maven-settings/3.1.1/maven-settings-3.1.1.jar:/home/f4cul3ll4/.m2/repository/org/apache/maven/maven-settings-builder/3.1.1/maven-settings-builder-3.1.1.jar:/home/f4cul3ll4/.m2/repository/org/apache/maven/maven-repository-metadata/3.1.1/maven-repository-metadata-3.1.1.jar:/home/f4cul3ll4/.m2/repository/org/apache/maven/maven-model-builder/3.1.1/maven-model-builder-3.1.1.jar:/home/f4cul3ll4/.m2/repository/org/apache/maven/maven-aether-provider/3.1.1/maven-aether-provider-3.1.1.jar:/home/f4cul3ll4/.m2/repository/org/eclipse/aether/aether-spi/0.9.0.M2/aether-spi-0.9.0.M2.jar:/home/f4cul3ll4/.m2/repository/org/eclipse/aether/aether-impl/0.9.0.M2/aether-impl-0.9.0.M2.jar:/home/f4cul3ll4/.m2/repository/org/codehaus/plexus/plexus-classworlds/2.5.1/plexus-classworlds-2.5.1.jar:/home/f4cul3ll4/.m2/repository/org/sonatype/plexus/plexus-sec-dispatcher/1.3/plexus-sec-dispatcher-1.3.jar:/home/f4cul3ll4/.m2/repository/org/sonatype/plexus/plexus-cipher/1.4/plexus-cipher-1.4.jar:/home/f4cul3ll4/.m2/repository/org/apache/maven/maven-plugin-api/3.1.1/maven-plugin-api-3.1.1.jar:/home/f4cul3ll4/.m2/repository/org/eclipse/aether/aether-api/0.9.0.M2/aether-api-0.9.0.M2.jar:/home/f4cul3ll4/.m2/repository/org/eclipse/aether/aether-util/0.9.0.M2/aether-util-0.9.0.M2.jar:/home/f4cul3ll4/.m2/repository/org/eclipse/sisu/org.eclipse.sisu.plexus/0.0.0.M5/org.eclipse.sisu.plexus-0.0.0.M5.jar:/home/f4cul3ll4/.m2/repository/javax/enterprise/cdi-api/1.0/cdi-api-1.0.jar:/home/f4cul3ll4/.m2/repository/javax/annotation/jsr250-api/1.0/jsr250-api-1.0.jar:/home/f4cul3ll4/.m2/repository/com/google/guava/guava/10.0.1/guava-10.0.1.jar:/home/f4cul3ll4/.m2/repository/com/google/code/findbugs/jsr305/1.3.9/jsr305-1.3.9.jar:/home/f4cul3ll4/.m2/repository/org/sonatype/sisu/sisu-guice/3.1.0/sisu-guice-3.1.0-no_aop.jar:/home/f4cul3ll4/.m2/repository/aopalliance/aopalliance/1.0/aopalliance-1.0.jar:/home/f4cul3ll4/.m2/repository/org/eclipse/sisu/org.eclipse.sisu.inject/0.0.0.M5/org.eclipse.sisu.inject-0.0.0.M5.jar:/home/f4cul3ll4/.m2/repository/org/apache/maven/doxia/doxia-sink-api/1.11.1/doxia-sink-api-1.11.1.jar:/home/f4cul3ll4/.m2/repository/org/apache/maven/doxia/doxia-logging-api/1.11.1/doxia-logging-api-1.11.1.jar:/home/f4cul3ll4/.m2/repository/org/apache/maven/doxia/doxia-site-renderer/1.11.1/doxia-site-renderer-1.11.1.jar:/home/f4cul3ll4/.m2/repository/org/apache/maven/doxia/doxia-core/1.11.1/doxia-core-1.11.1.jar:/home/f4cul3ll4/.m2/repository/org/apache/maven/doxia/doxia-decoration-model/1.11.1/doxia-decoration-model-1.11.1.jar:/home/f4cul3ll4/.m2/repository/org/apache/maven/doxia/doxia-skin-model/1.11.1/doxia-skin-model-1.11.1.jar:/home/f4cul3ll4/.m2/repository/org/apache/maven/doxia/doxia-module-xhtml/1.11.1/doxia-module-xhtml-1.11.1.jar:/home/f4cul3ll4/.m2/repository/org/apache/maven/doxia/doxia-module-xhtml5/1.11.1/doxia-module-xhtml5-1.11.1.jar:/home/f4cul3ll4/.m2/repository/org/codehaus/plexus/plexus-component-annotations/2.0.0/plexus-component-annotations-2.0.0.jar:/home/f4cul3ll4/.m2/repository/org/codehaus/plexus/plexus-i18n/1.0-beta-10/plexus-i18n-1.0-beta-10.jar:/home/f4cul3ll4/.m2/repository/org/codehaus/plexus/plexus-container-default/1.0-alpha-30/plexus-container-default-1.0-alpha-30.jar:/home/f4cul3ll4/.m2/repository/junit/junit/4.13.2/junit-4.13.2.jar:/home/f4cul3ll4/.m2/repository/org/hamcrest/hamcrest-core/3.0/hamcrest-core-3.0.jar:/home/f4cul3ll4/.m2/repository/org/codehaus/plexus/plexus-velocity/1.2/plexus-velocity-1.2.jar:/home/f4cul3ll4/.m2/repository/org/apache/velocity/velocity/1.7/velocity-1.7.jar:/home/f4cul3ll4/.m2/repository/commons-lang/commons-lang/2.4/commons-lang-2.4.jar:/home/f4cul3ll4/.m2/repository/org/apache/velocity/velocity-tools/2.0/velocity-tools-2.0.jar:/home/f4cul3ll4/.m2/repository/commons-beanutils/commons-beanutils/1.7.0/commons-beanutils-1.7.0.jar:/home/f4cul3ll4/.m2/repository/commons-digester/commons-digester/1.8/commons-digester-1.8.jar:/home/f4cul3ll4/.m2/repository/commons-chain/commons-chain/1.1/commons-chain-1.1.jar:/home/f4cul3ll4/.m2/repository/dom4j/dom4j/1.1/dom4j-1.1.jar:/home/f4cul3ll4/.m2/repository/oro/oro/2.0.8/oro-2.0.8.jar:/home/f4cul3ll4/.m2/repository/commons-collections/commons-collections/3.2.2/commons-collections-3.2.2.jar:/home/f4cul3ll4/.m2/repository/org/apache/maven/wagon/wagon-provider-api/2.4/wagon-provider-api-2.4.jar:/home/f4cul3ll4/.m2/repository/org/apache/commons/commons-lang3/3.17.0/commons-lang3-3.17.0.jar:/home/f4cul3ll4/.m2/repository/org/apache/commons/commons-text/1.10.0/commons-text-1.10.0.jar:/home/f4cul3ll4/.m2/repository/org/apache/httpcomponents/httpcore/4.4.16/httpcore-4.4.16.jar:/home/f4cul3ll4/.m2/repository/com/thoughtworks/qdox/qdox/2.0.3/qdox-2.0.3.jar:/home/f4cul3ll4/.m2/repository/org/codehaus/plexus/plexus-java/1.1.2/plexus-java-1.1.2.jar:/home/f4cul3ll4/.m2/repository/org/ow2/asm/asm/9.4/asm-9.4.jar:/home/f4cul3ll4/.m2/repository/org/codehaus/plexus/plexus-utils/3.5.0/plexus-utils-3.5.0.jar:/home/f4cul3ll4/.m2/repository/commons-io/commons-io/2.11.0/commons-io-2.11.0.jar:/home/f4cul3ll4/.m2/repository/org/codehaus/plexus/plexus-interactivity-api/1.1/plexus-interactivity-api-1.1.jar:/home/f4cul3ll4/.m2/repository/org/apache/httpcomponents/httpclient/4.5.13/httpclient-4.5.13.jar:/home/f4cul3ll4/.m2/repository/commons-logging/commons-logging/1.2/commons-logging-1.2.jar:/home/f4cul3ll4/.m2/repository/commons-codec/commons-codec/1.18.0/commons-codec-1.18.0.jar:/home/f4cul3ll4/.m2/repository/com/google/code/gson/gson/2.13.2/gson-2.13.2.jar:/home/f4cul3ll4/.m2/repository/com/google/errorprone/error_prone_annotations/2.41.0/error_prone_annotations-2.41.0.jar:/home/f4cul3ll4/.m2/repository/com/mysql/mysql-connector-j/9.4.0/mysql-connector-j-9.4.0.jar:/home/f4cul3ll4/.m2/repository/org/projectlombok/lombok/1.18.40/lombok-1.18.40.jar:/home/f4cul3ll4/.m2/repository/com/h2database/h2/2.3.232/h2-2.3.232.jar:/home/f4cul3ll4/.m2/repository/org/springframework/boot/spring-boot-starter-mail/3.5.6/spring-boot-starter-mail-3.5.6.jar:/home/f4cul3ll4/.m2/repository/org/springframework/spring-context-support/6.2.11/spring-context-support-6.2.11.jar:/home/f4cul3ll4/.m2/repository/org/eclipse/angus/jakarta.mail/2.0.4/jakarta.mail-2.0.4.jar:/home/f4cul3ll4/.m2/repository/jakarta/activation/jakarta.activation-api/2.1.4/jakarta.activation-api-2.1.4.jar:/home/f4cul3ll4/.m2/repository/org/eclipse/angus/angus-activation/2.0.2/angus-activation-2.0.2.jar:/home/f4cul3ll4/.m2/repository/org/thymeleaf/extras/thymeleaf-extras-springsecurity6/3.1.3.RELEASE/thymeleaf-extras-springsecurity6-3.1.3.RELEASE.jar:/home/f4cul3ll4/.m2/repository/org/slf4j/slf4j-api/2.0.17/slf4j-api-2.0.17.jar:/home/f4cul3ll4/.m2/repository/org/springframework/boot/spring-boot-starter-security/3.5.6/spring-boot-starter-security-3.5.6.jar:/home/f4cul3ll4/.m2/repository/org/springframework/spring-aop/6.2.11/spring-aop-6.2.11.jar:/home/f4cul3ll4/.m2/repository/org/springframework/security/spring-security-config/6.5.5/spring-security-config-6.5.5.jar:/home/f4cul3ll4/.m2/repository/org/springframework/security/spring-security-web/6.5.5/spring-security-web-6.5.5.jar:/home/f4cul3ll4/.m2/repository/org/springframework/boot/spring-boot-starter-test/3.5.6/spring-boot-starter-test-3.5.6.jar:/home/f4cul3ll4/.m2/repository/org/springframework/boot/spring-boot-test/3.5.6/spring-boot-test-3.5.6.jar:/home/f4cul3ll4/.m2/repository/org/springframework/boot/spring-boot-test-autoconfigure/3.5.6/spring-boot-test-autoconfigure-3.5.6.jar:/home/f4cul3ll4/.m2/repository/com/jayway/jsonpath/json-path/2.9.0/json-path-2.9.0.jar:/home/f4cul3ll4/.m2/repository/jakarta/xml/bind/jakarta.xml.bind-api/4.0.2/jakarta.xml.bind-api-4.0.2.jar:/home/f4cul3ll4/.m2/repository/net/minidev/json-smart/2.5.2/json-smart-2.5.2.jar:/home/f4cul3ll4/.m2/repository/net/minidev/accessors-smart/2.5.2/accessors-smart-2.5.2.jar:/home/f4cul3ll4/.m2/repository/org/assertj/assertj-core/3.27.4/assertj-core-3.27.4.jar:/home/f4cul3ll4/.m2/repository/org/awaitility/awaitility/4.2.2/awaitility-4.2.2.jar:/home/f4cul3ll4/.m2/repository/org/hamcrest/hamcrest/3.0/hamcrest-3.0.jar:/home/f4cul3ll4/.m2/repository/org/junit/jupiter/junit-jupiter/5.12.2/junit-jupiter-5.12.2.jar:/home/f4cul3ll4/.m2/repository/org/junit/jupiter/junit-jupiter-api/5.12.2/junit-jupiter-api-5.12.2.jar:/home/f4cul3ll4/.m2/repository/org/opentest4j/opentest4j/1.3.0/opentest4j-1.3.0.jar:/home/f4cul3ll4/.m2/repository/org/junit/platform/junit-platform-commons/1.12.2/junit-platform-commons-1.12.2.jar:/home/f4cul3ll4/.m2/repository/org/apiguardian/apiguardian-api/1.1.2/apiguardian-api-1.1.2.jar:/home/f4cul3ll4/.m2/repository/org/junit/jupiter/junit-jupiter-params/5.12.2/junit-jupiter-params-5.12.2.jar:/home/f4cul3ll4/.m2/repository/org/junit/jupiter/junit-jupiter-engine/5.12.2/junit-jupiter-engine-5.12.2.jar:/home/f4cul3ll4/.m2/repository/org/junit/platform/junit-platform-engine/1.12.2/junit-platform-engine-1.12.2.jar:/home/f4cul3ll4/.m2/repository/org/mockito/mockito-core/5.17.0/mockito-core-5.17.0.jar:/home/f4cul3ll4/.m2/repository/net/bytebuddy/byte-buddy-agent/1.17.7/byte-buddy-agent-1.17.7.jar:/home/f4cul3ll4/.m2/repository/org/objenesis/objenesis/3.3/objenesis-3.3.jar:/home/f4cul3ll4/.m2/repository/org/mockito/mockito-junit-jupiter/5.17.0/mockito-junit-jupiter-5.17.0.jar:/home/f4cul3ll4/.m2/repository/org/skyscreamer/jsonassert/1.5.3/jsonassert-1.5.3.jar:/home/f4cul3ll4/.m2/repository/com/vaadin/external/google/android-json/0.0.20131108.vaadin1/android-json-0.0.20131108.vaadin1.jar:/home/f4cul3ll4/.m2/repository/org/springframework/spring-core/6.2.11/spring-core-6.2.11.jar:/home/f4cul3ll4/.m2/repository/org/springframework/spring-jcl/6.2.11/spring-jcl-6.2.11.jar:/home/f4cul3ll4/.m2/repository/org/springframework/spring-test/6.2.11/spring-test-6.2.11.jar:/home/f4cul3ll4/.m2/repository/org/xmlunit/xmlunit-core/2.10.4/xmlunit-core-2.10.4.jar:/home/f4cul3ll4/.m2/repository/org/springframework/security/spring-security-test/6.5.5/spring-security-test-6.5.5.jar:/home/f4cul3ll4/.m2/repository/org/springframework/security/spring-security-core/6.5.5/spring-security-core-6.5.5.jar:/home/f4cul3ll4/.m2/repository/org/springframework/security/spring-security-crypto/6.5.5/spring-security-crypto-6.5.5.jar:"/>
    <property name="java.vm.vendor" value="Ubuntu"/>
    <property name="sun.arch.data.model" value="64"/>
    <property name="java.vendor.url" value="https://ubuntu.com/"/>
    <property name="user.timezone" value="America/Argentina/Mendoza"/>
    <property name="org.jboss.logging.provider" value="slf4j"/>
    <property name="os.name" value="Linux"/>
    <property name="java.vm.specification.version" value="17"/>
    <property name="sun.java.launcher" value="SUN_STANDARD"/>
    <property name="user.country" value="ES"/>
    <property name="sun.boot.library.path" value="/usr/lib/jvm/java-17-openjdk-amd64/lib"/>
    <property name="sun.java.command" value="/home/f4cul3ll4/prueba/ExC/gimnasio/target/surefire/surefirebooter-20251030090143825_3.jar /home/f4cul3ll4/prueba/ExC/gimnasio/target/surefire 2025-10-30T09-01-43_730-jvmRun1 surefire-20251030090143825_1tmp surefire_0-20251030090143825_2tmp"/>
    <property name="jdk.debug" value="release"/>
    <property name="surefire.test.class.path" value="/home/f4cul3ll4/prueba/ExC/gimnasio/target/test-classes:/home/f4cul3ll4/prueba/ExC/gimnasio/target/classes:/home/f4cul3ll4/.m2/repository/org/springframework/boot/spring-boot-starter-data-jpa/3.5.6/spring-boot-starter-data-jpa-3.5.6.jar:/home/f4cul3ll4/.m2/repository/org/springframework/boot/spring-boot-starter/3.5.6/spring-boot-starter-3.5.6.jar:/home/f4cul3ll4/.m2/repository/org/springframework/boot/spring-boot/3.5.6/spring-boot-3.5.6.jar:/home/f4cul3ll4/.m2/repository/org/springframework/boot/spring-boot-autoconfigure/3.5.6/spring-boot-autoconfigure-3.5.6.jar:/home/f4cul3ll4/.m2/repository/org/springframework/boot/spring-boot-starter-logging/3.5.6/spring-boot-starter-logging-3.5.6.jar:/home/f4cul3ll4/.m2/repository/ch/qos/logback/logback-classic/1.5.18/logback-classic-1.5.18.jar:/home/f4cul3ll4/.m2/repository/ch/qos/logback/logback-core/1.5.18/logback-core-1.5.18.jar:/home/f4cul3ll4/.m2/repository/org/apache/logging/log4j/log4j-to-slf4j/2.24.3/log4j-to-slf4j-2.24.3.jar:/home/f4cul3ll4/.m2/repository/org/apache/logging/log4j/log4j-api/2.24.3/log4j-api-2.24.3.jar:/home/f4cul3ll4/.m2/repository/org/slf4j/jul-to-slf4j/2.0.17/jul-to-slf4j-2.0.17.jar:/home/f4cul3ll4/.m2/repository/jakarta/annotation/jakarta.annotation-api/2.1.1/jakarta.annotation-api-2.1.1.jar:/home/f4cul3ll4/.m2/repository/org/yaml/snakeyaml/2.4/snakeyaml-2.4.jar:/home/f4cul3ll4/.m2/repository/org/springframework/boot/spring-boot-starter-jdbc/3.5.6/spring-boot-starter-jdbc-3.5.6.jar:/home/f4cul3ll4/.m2/repository/com/zaxxer/HikariCP/6.3.3/HikariCP-6.3.3.jar:/home/f4cul3ll4/.m2/repository/org/springframework/spring-jdbc/6.2.11/spring-jdbc-6.2.11.jar:/home/f4cul3ll4/.m2/repository/org/hibernate/orm/hibernate-core/6.6.29.Final/hibernate-core-6.6.29.Final.jar:/home/f4cul3ll4/.m2/repository/jakarta/persistence/jakarta.persistence-api/3.1.0/jakarta.persistence-api-3.1.0.jar:/home/f4cul3ll4/.m2/repository/jakarta/transaction/jakarta.transaction-api/2.0.1/jakarta.transaction-api-2.0.1.jar:/home/f4cul3ll4/.m2/repository/org/jboss/logging/jboss-logging/3.6.1.Final/jboss-logging-3.6.1.Final.jar:/home/f4cul3ll4/.m2/repository/org/hibernate/common/hibernate-commons-annotations/7.0.3.Final/hibernate-commons-annotations-7.0.3.Final.jar:/home/f4cul3ll4/.m2/repository/io/smallrye/jandex/3.2.0/jandex-3.2.0.jar:/home/f4cul3ll4/.m2/repository/com/fasterxml/classmate/1.7.0/classmate-1.7.0.jar:/home/f4cul3ll4/.m2/repository/net/bytebuddy/byte-buddy/1.17.7/byte-buddy-1.17.7.jar:/home/f4cul3ll4/.m2/repository/org/glassfish/jaxb/jaxb-runtime/4.0.5/jaxb-runtime-4.0.5.jar:/home/f4cul3ll4/.m2/repository/org/glassfish/jaxb/jaxb-core/4.0.5/jaxb-core-4.0.5.jar:/home/f4cul3ll4/.m2/repository/org/glassfish/jaxb/txw2/4.0.5/txw2-4.0.5.jar:/home/f4cul3ll4/.m2/repository/com/sun/istack/istack-commons-runtime/4.1.2/istack-commons-runtime-4.1.2.jar:/home/f4cul3ll4/.m2/repository/jakarta/inject/jakarta.inject-api/2.0.1/jakarta.inject-api-2.0.1.jar:/home/f4cul3ll4/.m2/repository/org/antlr/antlr4-runtime/4.13.0/antlr4-runtime-4.13.0.jar:/home/f4cul3ll4/.m2/repository/org/springframework/data/spring-data-jpa/3.5.4/spring-data-jpa-3.5.4.jar:/home/f4cul3ll4/.m2/repository/org/springframework/data/spring-data-commons/3.5.4/spring-data-commons-3.5.4.jar:/home/f4cul3ll4/.m2/repository/org/springframework/spring-orm/6.2.11/spring-orm-6.2.11.jar:/home/f4cul3ll4/.m2/repository/org/springframework/spring-context/6.2.11/spring-context-6.2.11.jar:/home/f4cul3ll4/.m2/repository/org/springframework/spring-tx/6.2.11/spring-tx-6.2.11.jar:/home/f4cul3ll4/.m2/repository/org/springframework/spring-beans/6.2.11/spring-beans-6.2.11.jar:/home/f4cul3ll4/.m2/repository/org/springframework/spring-aspects/6.2.11/spring-aspects-6.2.11.jar:/home/f4cul3ll4/.m2/repository/org/aspectj/aspectjweaver/1.9.24/aspectjweaver-1.9.24.jar:/home/f4cul3ll4/.m2/repository/org/springframework/boot/spring-boot-starter-thymeleaf/3.5.6/spring-boot-starter-thymeleaf-3.5.6.jar:/home/f4cul3ll4/.m2/repository/org/thymeleaf/thymeleaf-spring6/3.1.3.RELEASE/thymeleaf-spring6-3.1.3.RELEASE.jar:/home/f4cul3ll4/.m2/repository/org/thymeleaf/thymeleaf/3.1.3.RELEASE/thymeleaf-3.1.3.RELEASE.jar:/home/f4cul3ll4/.m2/repository/org/attoparser/attoparser/2.0.7.RELEASE/attoparser-2.0.7.RELEASE.jar:/home/f4cul3ll4/.m2/repository/org/unbescape/unbescape/1.1.6.RELEASE/unbescape-1.1.6.RELEASE.jar:/home/f4cul3ll4/.m2/repository/org/springframework/boot/spring-boot-starter-validation/3.5.6/spring-boot-starter-validation-3.5.6.jar:/home/f4cul3ll4/.m2/repository/org/apache/tomcat/embed/tomcat-embed-el/10.1.46/tomcat-embed-el-10.1.46.jar:/home/f4cul3ll4/.m2/repository/org/hibernate/validator/hibernate-validator/8.0.3.Final/hibernate-validator-8.0.3.Final.jar:/home/f4cul3ll4/.m2/repository/jakarta/validation/jakarta.validation-api/3.0.2/jakarta.validation-api-3.0.2.jar:/home/f4cul3ll4/.m2/repository/org/springframework/boot/spring-boot-starter-web/3.5.6/spring-boot-starter-web-3.5.6.jar:/home/f4cul3ll4/.m2/repository/org/springframework/boot/spring-boot-starter-json/3.5.6/spring-boot-starter-json-3.5.6.jar:/home/f4cul3ll4/.m2/repository/com/fasterxml/jackson/core/jackson-databind/2.19.2/jackson-databind-2.19.2.jar:/home/f4cul3ll4/.m2/repository/com/fasterxml/jackson/core/jackson-annotations/2.19.2/jackson-annotations-2.19.2.jar:/home/f4cul3ll4/.m2/repository/com/fasterxml/jackson/core/jackson-core/2.19.2/jackson-core-2.19.2.jar:/home/f4cul3ll4/.m2/repository/com/fasterxml/jackson/datatype/jackson-datatype-jdk8/2.19.2/jackson-datatype-jdk8-2.19.2.jar:/home/f4cul3ll4/.m2/repository/com/fasterxml/jackson/datatype/jackson-datatype-jsr310/2.19.2/jackson-datatype-jsr310-2.19.2.jar:/home/f4cul3ll4/.m2/repository/com/fasterxml/jackson/module/jackson-module-parameter-names/2.19.2/jackson-module-parameter-names-2.19.2.jar:/home/f4cul3ll4/.m2/repository/org/springframework/boot/spring-boot-starter-tomcat/3.5.6/spring-boot-starter-tomcat-3.5.6.jar:/home/f4cul3ll4/.m2/repository/org/apache/tomcat/embed/tomcat-embed-core/10.1.46/tomcat-embed-core-10.1.46.jar:/home/f4cul3ll4/.m2/repository/org/apache/tomcat/embed/tomcat-embed-websocket/10.1.46/tomcat-embed-websocket-10.1.46.jar:/home/f4cul3ll4/.m2/repository/org/springframework/spring-web/6.2.11/spring-web-6.2.11.jar:/home/f4cul3ll4/.m2/repository/io/micrometer/micrometer-observation/1.15.4/micrometer-observation-1.15.4.jar:/home/f4cul3ll4/.m2/repository/io/micrometer/micrometer-commons/1.15.4/micrometer-commons-1.15.4.jar:/home/f4cul3ll4/.m2/repository/org/springframework/spring-webmvc/6.2.11/spring-webmvc-6.2.11.jar:/home/f4cul3ll4/.m2/repository/org/springframework/spring-expression/6.2.11/spring-expression-6.2.11.jar:/home/f4cul3ll4/.m2/repository/com/mercadopago/sdk-java/2.1.13/sdk-java-2.1.13.jar:/home/f4cul3ll4/.m2/repository/org/apache/maven/plugins/maven-javadoc-plugin/3.5.0/maven-javadoc-plugin-3.5.0.jar:/home/f4cul3ll4/.m2/repository/javax/inject/javax.inject/1/javax.inject-1.jar:/home/f4cul3ll4/.m2/repository/org/apache/maven/reporting/maven-reporting-api/3.1.1/maven-reporting-api-3.1.1.jar:/home/f4cul3ll4/.m2/repository/org/apache/maven/maven-archiver/3.6.0/maven-archiver-3.6.0.jar:/home/f4cul3ll4/.m2/repository/org/codehaus/plexus/plexus-io/3.4.0/plexus-io-3.4.0.jar:/home/f4cul3ll4/.m2/repository/org/codehaus/plexus/plexus-archiver/4.4.0/plexus-archiver-4.4.0.jar:/home/f4cul3ll4/.m2/repository/org/apache/commons/commons-compress/1.21/commons-compress-1.21.jar:/home/f4cul3ll4/.m2/repository/org/iq80/snappy/snappy/0.4/snappy-0.4.jar:/home/f4cul3ll4/.m2/repository/org/tukaani/xz/1.9/xz-1.9.jar:/home/f4cul3ll4/.m2/repository/org/codehaus/plexus/plexus-interpolation/1.26/plexus-interpolation-1.26.jar:/home/f4cul3ll4/.m2/repository/org/apache/maven/shared/maven-invoker/3.2.0/maven-invoker-3.2.0.jar:/home/f4cul3ll4/.m2/repository/org/apache/maven/shared/maven-shared-utils/3.3.4/maven-shared-utils-3.3.4.jar:/home/f4cul3ll4/.m2/repository/org/apache/maven/shared/maven-common-artifact-filters/3.2.0/maven-common-artifact-filters-3.2.0.jar:/home/f4cul3ll4/.m2/repository/org/apache/maven/maven-artifact/3.1.1/maven-artifact-3.1.1.jar:/home/f4cul3ll4/.m2/repository/org/apache/maven/maven-model/3.1.1/maven-model-3.1.1.jar:/home/f4cul3ll4/.m2/repository/org/apache/maven/maven-core/3.1.1/maven-core-3.1.1.jar:/home/f4cul3ll4/.m2/repository/org/apache/maven/maven-settings/3.1.1/maven-settings-3.1.1.jar:/home/f4cul3ll4/.m2/repository/org/apache/maven/maven-settings-builder/3.1.1/maven-settings-builder-3.1.1.jar:/home/f4cul3ll4/.m2/repository/org/apache/maven/maven-repository-metadata/3.1.1/maven-repository-metadata-3.1.1.jar:/home/f4cul3ll4/.m2/repository/org/apache/maven/maven-model-builder/3.1.1/maven-model-builder-3.1.1.jar:/home/f4cul3ll4/.m2/repository/org/apache/maven/maven-aether-provider/3.1.1/maven-aether-provider-3.1.1.jar:/home/f4cul3ll4/.m2/repository/org/eclipse/aether/aether-spi/0.9.0.M2/aether-spi-0.9.0.M2.jar:/home/f4cul3ll4/.m2/repository/org/eclipse/aether/aether-impl/0.9.0.M2/aether-impl-0.9.0.M2.jar:/home/f4cul3ll4/.m2/repository/org/codehaus/plexus/plexus-classworlds/2.5.1/plexus-classworlds-2.5.1.jar:/home/f4cul3ll4/.m2/repository/org/sonatype/plexus/plexus-sec-dispatcher/1.3/plexus-sec-dispatcher-1.3.jar:/home/f4cul3ll4/.m2/repository/org/sonatype/plexus/plexus-cipher/1.4/plexus-cipher-1.4.jar:/home/f4cul3ll4/.m2/repository/org/apache/maven/maven-plugin-api/3.1.1/maven-plugin-api-3.1.1.jar:/home/f4cul3ll4/.m2/repository/org/eclipse/aether/aether-api/0.9.0.M2/aether-api-0.9.0.M2.jar:/home/f4cul3ll4/.m2/repository/org/eclipse/aether/aether-util/0.9.0.M2/aether-util-0.9.0.M2.jar:/home/f4cul3ll4/.m2/repository/org/eclipse/sisu/org.eclipse.sisu.plexus/0.0.0.M5/org.eclipse.sisu.plexus-0.0.0.M5.jar:/home/f4cul3ll4/.m2/repository/javax/enterprise/cdi-api/1.0/cdi-api-1.0.jar:/home/f4cul3ll4/.m2/repository/javax/annotation/jsr250-api/1.0/jsr250-api-1.0.jar:/home/f4cul3ll4/.m2/repository/com/google/guava/guava/10.0.1/guava-10.0.1.jar:/home/f4cul3ll4/.m2/repository/com/google/code/findbugs/jsr305/1.3.9/jsr305-1.3.9.jar:/home/f4cul3ll4/.m2/repository/org/sonatype/sisu/sisu-guice/3.1.0/sisu-guice-3.1.0-no_aop.jar:/home/f4cul3ll4/.m2/repository/aopalliance/aopalliance/1.0/aopalliance-1.0.jar:/home/f4cul3ll4/.m2/repository/org/eclipse/sisu/org.eclipse.sisu.inject/0.0.0.M5/org.eclipse.sisu.inject-0.0.0.M5.jar:/home/f4cul3ll4/.m2/repository/org/apache/maven/doxia/doxia-sink-api/1.11.1/doxia-sink-api-1.11.1.jar:/home/f4cul3ll4/.m2/repository/org/apache/maven/doxia/doxia-logging-api/1.11.1/doxia-logging-api-1.11.1.jar:/home/f4cul3ll4/.m2/repository/org/apache/maven/doxia/doxia-site-renderer/1.11.1/doxia-site-renderer-1.11.1.jar:/home/f4cul3ll4/.m2/repository/org/apache/maven/doxia/doxia-core/1.11.1/doxia-core-1.11.1.jar:/home/f4cul3ll4/.m2/repository/org/apache/maven/doxia/doxia-decoration-model/1.11.1/doxia-decoration-model-1.11.1.jar:/home/f4cul3ll4/.m2/repository/org/apache/maven/doxia/doxia-skin-model/1.11.1/doxia-skin-model-1.11.1.jar:/home/f4cul3ll4/.m2/repository/org/apache/maven/doxia/doxia-module-xhtml/1.11.1/doxia-module-xhtml-1.11.1.jar:/home/f4cul3ll4/.m2/repository/org/apache/maven/doxia/doxia-module-xhtml5/1.11.1/doxia-module-xhtml5-1.11.1.jar:/home/f4cul3ll4/.m2/repository/org/codehaus/plexus/plexus-component-annotations/2.0.0/plexus-component-annotations-2.0.0.jar:/home/f4cul3ll4/.m2/repository/org/codehaus/plexus/plexus-i18n/1.0-beta-10/plexus-i18n-1.0-beta-10.jar:/home/f4cul3ll4/.m2/repository/org/codehaus/plexus/plexus-container-default/1.0-alpha-30/plexus-container-default-1.0-alpha-30.jar:/home/f4cul3ll4/.m2/repository/junit/junit/4.13.2/junit-4.13.2.jar:/home/f4cul3ll4/.m2/repository/org/hamcrest/hamcrest-core/3.0/hamcrest-core-3.0.jar:/home/f4cul3ll4/.m2/repository/org/codehaus/plexus/plexus-velocity/1.2/plexus-velocity-1.2.jar:/home/f4cul3ll4/.m2/repository/org/apache/velocity/velocity/1.7/velocity-1.7.jar:/home/f4cul3ll4/.m2/repository/commons-lang/commons-lang/2.4/commons-lang-2.4.jar:/home/f4cul3ll4/.m2/repository/org/apache/velocity/velocity-tools/2.0/velocity-tools-2.0.jar:/home/f4cul3ll4/.m2/repository/commons-beanutils/commons-beanutils/1.7.0/commons-beanutils-1.7.0.jar:/home/f4cul3ll4/.m2/repository/commons-digester/commons-digester/1.8/commons-digester-1.8.jar:/home/f4cul3ll4/.m2/repository/commons-chain/commons-chain/1.1/commons-chain-1.1.jar:/home/f4cul3ll4/.m2/repository/dom4j/dom4j/1.1/dom4j-1.1.jar:/home/f4cul3ll4/.m2/repository/oro/oro/2.0.8/oro-2.0.8.jar:/home/f4cul3ll4/.m2/repository/commons-collections/commons-collections/3.2.2/commons-collections-3.2.2.jar:/home/f4cul3ll4/.m2/repository/org/apache/maven/wagon/wagon-provider-api/2.4/wagon-provider-api-2.4.jar:/home/f4cul3ll4/.m2/repository/org/apache/commons/commons-lang3/3.17.0/commons-lang3-3.17.0.jar:/home/f4cul3ll4/.m2/repository/org/apache/commons/commons-text/1.10.0/commons-text-1.10.0.jar:/home/f4cul3ll4/.m2/repository/org/apache/httpcomponents/httpcore/4.4.16/httpcore-4.4.16.jar:/home/f4cul3ll4/.m2/repository/com/thoughtworks/qdox/qdox/2.0.3/qdox-2.0.3.jar:/home/f4cul3ll4/.m2/repository/org/codehaus/plexus/plexus-java/1.1.2/plexus-java-1.1.2.jar:/home/f4cul3ll4/.m2/repository/org/ow2/asm/asm/9.4/asm-9.4.jar:/home/f4cul3ll4/.m2/repository/org/codehaus/plexus/plexus-utils/3.5.0/plexus-utils-3.5.0.jar:/home/f4cul3ll4/.m2/repository/commons-io/commons-io/2.11.0/commons-io-2.11.0.jar:/home/f4cul3ll4/.m2/repository/org/codehaus/plexus/plexus-interactivity-api/1.1/plexus-interactivity-api-1.1.jar:/home/f4cul3ll4/.m2/repository/org/apache/httpcomponents/httpclient/4.5.13/httpclient-4.5.13.jar:/home/f4cul3ll4/.m2/repository/commons-logging/commons-logging/1.2/commons-logging-1.2.jar:/home/f4cul3ll4/.m2/repository/commons-codec/commons-codec/1.18.0/commons-codec-1.18.0.jar:/home/f4cul3ll4/.m2/repository/com/google/code/gson/gson/2.13.2/gson-2.13.2.jar:/home/f4cul3ll4/.m2/repository/com/google/errorprone/error_prone_annotations/2.41.0/error_prone_annotations-2.41.0.jar:/home/f4cul3ll4/.m2/repository/com/mysql/mysql-connector-j/9.4.0/mysql-connector-j-9.4.0.jar:/home/f4cul3ll4/.m2/repository/org/projectlombok/lombok/1.18.40/lombok-1.18.40.jar:/home/f4cul3ll4/.m2/repository/com/h2database/h2/2.3.232/h2-2.3.232.jar:/home/f4cul3ll4/.m2/repository/org/springframework/boot/spring-boot-starter-mail/3.5.6/spring-boot-starter-mail-3.5.6.jar:/home/f4cul3ll4/.m2/repository/org/springframework/spring-context-support/6.2.11/spring-context-support-6.2.11.jar:/home/f4cul3ll4/.m2/repository/org/eclipse/angus/jakarta.mail/2.0.4/jakarta.mail-2.0.4.jar:/home/f4cul3ll4/.m2/repository/jakarta/activation/jakarta.activation-api/2.1.4/jakarta.activation-api-2.1.4.jar:/home/f4cul3ll4/.m2/repository/org/eclipse/angus/angus-activation/2.0.2/angus-activation-2.0.2.jar:/home/f4cul3ll4/.m2/repository/org/thymeleaf/extras/thymeleaf-extras-springsecurity6/3.1.3.RELEASE/thymeleaf-extras-springsecurity6-3.1.3.RELEASE.jar:/home/f4cul3ll4/.m2/repository/org/slf4j/slf4j-api/2.0.17/slf4j-api-2.0.17.jar:/home/f4cul3ll4/.m2/repository/org/springframework/boot/spring-boot-starter-security/3.5.6/spring-boot-starter-security-3.5.6.jar:/home/f4cul3ll4/.m2/repository/org/springframework/spring-aop/6.2.11/spring-aop-6.2.11.jar:/home/f4cul3ll4/.m2/repository/org/springframework/security/spring-security-config/6.5.5/spring-security-config-6.5.5.jar:/home/f4cul3ll4/.m2/repository/org/springframework/security/spring-security-web/6.5.5/spring-security-web-6.5.5.jar:/home/f4cul3ll4/.m2/repository/org/springframework/boot/spring-boot-starter-test/3.5.6/spring-boot-starter-test-3.5.6.jar:/home/f4cul3ll4/.m2/repository/org/springframework/boot/spring-boot-test/3.5.6/spring-boot-test-3.5.6.jar:/home/f4cul3ll4/.m2/repository/org/springframework/boot/spring-boot-test-autoconfigure/3.5.6/spring-boot-test-autoconfigure-3.5.6.jar:/home/f4cul3ll4/.m2/repository/com/jayway/jsonpath/json-path/2.9.0/json-path-2.9.0.jar:/home/f4cul3ll4/.m2/repository/jakarta/xml/bind/jakarta.xml.bind-api/4.0.2/jakarta.xml.bind-api-4.0.2.jar:/home/f4cul3ll4/.m2/repository/net/minidev/json-smart/2.5.2/json-smart-2.5.2.jar:/home/f4cul3ll4/.m2/repository/net/minidev/accessors-smart/2.5.2/accessors-smart-2.5.2.jar:/home/f4cul3ll4/.m2/repository/org/assertj/assertj-core/3.27.4/assertj-core-3.27.4.jar:/home/f4cul3ll4/.m2/repository/org/awaitility/awaitility/4.2.2/awaitility-4.2.2.jar:/home/f4cul3ll4/.m2/repository/org/hamcrest/hamcrest/3.0/hamcrest-3.0.jar:/home/f4cul3ll4/.m2/repository/org/junit/jupiter/junit-jupiter/5.12.2/junit-jupiter-5.12.2.jar:/home/f4cul3ll4/.m2/repository/org/junit/jupiter/junit-jupiter-api/5.12.2/junit-jupiter-api-5.12.2.jar:/home/f4cul3ll4/.m2/repository/org/opentest4j/opentest4j/1.3.0/opentest4j-1.3.0.jar:/home/f4cul3ll4/.m2/repository/org/junit/platform/junit-platform-commons/1.12.2/junit-platform-commons-1.12.2.jar:/home/f4cul3ll4/.m2/repository/org/apiguardian/apiguardian-api/1.1.2/apiguardian-api-1.1.2.jar:/home/f4cul3ll4/.m2/repository/org/junit/jupiter/junit-jupiter-params/5.12.2/junit-jupiter-params-5.12.2.jar:/home/f4cul3ll4/.m2/repository/org/junit/jupiter/junit-jupiter-engine/5.12.2/junit-jupiter-engine-5.12.2.jar:/home/f4cul3ll4/.m2/repository/org/junit/platform/junit-platform-engine/1.12.2/junit-platform-engine-1.12.2.jar:/home/f4cul3ll4/.m2/repository/org/mockito/mockito-core/5.17.0/mockito-core-5.17.0.jar:/home/f4cul3ll4/.m2/repository/net/bytebuddy/byte-buddy-agent/1.17.7/byte-buddy-agent-1.17.7.jar:/home/f4cul3ll4/.m2/repository/org/objenesis/objenesis/3.3/objenesis-3.3.jar:/home/f4cul3ll4/.m2/repository/org/mockito/mockito-junit-jupiter/5.17.0/mockito-junit-jupiter-5.17.0.jar:/home/f4cul3ll4/.m2/repository/org/skyscreamer/jsonassert/1.5.3/jsonassert-1.5.3.jar:/home/f4cul3ll4/.m2/repository/com/vaadin/external/google/android-json/0.0.20131108.vaadin1/android-json-0.0.20131108.vaadin1.jar:/home/f4cul3ll4/.m2/repository/org/springframework/spring-core/6.2.11/spring-core-6.2.11.jar:/home/f4cul3ll4/.m2/repository/org/springframework/spring-jcl/6.2.11/spring-jcl-6.2.11.jar:/home/f4cul3ll4/.m2/repository/org/springframework/spring-test/6.2.11/spring-test-6.2.11.jar:/home/f4cul3ll4/.m2/repository/org/xmlunit/xmlunit-core/2.10.4/xmlunit-core-2.10.4.jar:/home/f4cul3ll4/.m2/repository/org/springframework/security/spring-security-test/6.5.5/spring-security-test-6.5.5.jar:/home/f4cul3ll4/.m2/repository/org/springframework/security/spring-security-core/6.5.5/spring-security-core-6.5.5.jar:/home/f4cul3ll4/.m2/repository/org/springframework/security/spring-security-crypto/6.5.5/spring-security-crypto-6.5.5.jar:"/>
    <property name="sun.cpu.endian" value="little"/>
    <property name="user.home" value="/home/f4cul3ll4"/>
    <property name="user.language" value="es"/>
    <property name="java.specification.vendor" value="Oracle Corporation"/>
    <property name="java.version.date" value="2025-07-15"/>
    <property name="java.home" value="/usr/lib/jvm/java-17-openjdk-amd64"/>
    <property name="file.separator" value="/"/>
    <property name="basedir" value="/home/f4cul3ll4/prueba/ExC/gimnasio"/>
    <property name="java.vm.compressedOopsMode" value="Zero based"/>
    <property name="line.separator" value="&#10;"/>
    <property name="java.specification.name" value="Java Platform API Specification"/>
    <property name="java.vm.specification.vendor" value="Oracle Corporation"/>
    <property name="FILE_LOG_CHARSET" value="UTF-8"/>
    <property name="java.awt.headless" value="true"/>
    <property name="surefire.real.class.path" value="/home/f4cul3ll4/prueba/ExC/gimnasio/target/surefire/surefirebooter-20251030090143825_3.jar"/>
    <property name="sun.management.compiler" value="HotSpot 64-Bit Tiered Compilers"/>
    <property name="java.runtime.version" value="17.0.16+8-Ubuntu-0ubuntu124.04.1"/>
    <property name="user.name" value="f4cul3ll4"/>
    <property name="path.separator" value=":"/>
    <property name="os.version" value="6.14.0-33-generic"/>
    <property name="java.runtime.name" value="OpenJDK Runtime Environment"/>
    <property name="file.encoding" value="UTF-8"/>
    <property name="java.vm.name" value="OpenJDK 64-Bit Server VM"/>
    <property name="localRepository" value="/home/f4cul3ll4/.m2/repository"/>
    <property name="java.vendor.url.bug" value="https://bugs.launchpad.net/ubuntu/+source/openjdk-17"/>
    <property name="java.io.tmpdir" value="/tmp"/>
    <property name="com.zaxxer.hikari.pool_number" value="1"/>
    <property name="java.version" value="17.0.16"/>
    <property name="user.dir" value="/home/f4cul3ll4/prueba/ExC/gimnasio"/>
    <property name="os.arch" value="amd64"/>
    <property name="java.vm.specification.name" value="Java Virtual Machine Specification"/>
    <property name="PID" value="456144"/>
    <property name="CONSOLE_LOG_CHARSET" value="UTF-8"/>
    <property name="native.encoding" value="UTF-8"/>
    <property name="java.library.path" value="/usr/java/packages/lib:/usr/lib/x86_64-linux-gnu/jni:/lib/x86_64-linux-gnu:/usr/lib/x86_64-linux-gnu:/usr/lib/jni:/lib:/usr/lib"/>
    <property name="java.vm.info" value="mixed mode, sharing"/>
    <property name="java.vendor" value="Ubuntu"/>
    <property name="java.vm.version" value="17.0.16+8-Ubuntu-0ubuntu124.04.1"/>
    <property name="java.specification.maintenance.version" value="1"/>
    <property name="sun.io.unicode.encoding" value="UnicodeLittle"/>
    <property name="java.class.version" value="61.0"/>
  </properties>
  <testcase name="contextLoads" classname="com.fioritech.gimnasio.GimnasioApplicationTests" time="0.373">
    <system-out><![CDATA[Standard Commons Logging discovery in action with spring-jcl: please remove commons-logging.jar from classpath in order to avoid potential conflicts
09:01:44.524 [main] INFO org.springframework.test.context.support.AnnotationConfigContextLoaderUtils -- Could not detect default configuration classes for test class [com.fioritech.gimnasio.GimnasioApplicationTests]: GimnasioApplicationTests does not declare any static, non-private, non-final, nested classes annotated with @Configuration.
09:01:44.638 [main] INFO org.springframework.boot.test.context.SpringBootTestContextBootstrapper -- Found @SpringBootConfiguration com.fioritech.gimnasio.GimnasioApplication for test class com.fioritech.gimnasio.GimnasioApplicationTests

  .   ____          _            __ _ _
 /\\ / ___'_ __ _ _(_)_ __  __ _ \ \ \ \
( ( )\___ | '_ | '_| | '_ \/ _` | \ \ \ \
 \\/  ___)| |_)| | | | | || (_| |  ) ) ) )
  '  |____| .__|_| |_|_| |_\__, | / / / /
 =========|_|==============|___/=/_/_/_/

 :: Spring Boot ::                (v3.5.6)

2025-10-30T09:01:44.984-03:00  INFO 456144 --- [           main] c.f.gimnasio.GimnasioApplicationTests    : Starting GimnasioApplicationTests using Java 17.0.16 with PID 456144 (started by f4cul3ll4 in /home/f4cul3ll4/prueba/ExC/gimnasio)
2025-10-30T09:01:44.985-03:00  INFO 456144 --- [           main] c.f.gimnasio.GimnasioApplicationTests    : No active profile set, falling back to 1 default profile: "default"
2025-10-30T09:01:45.767-03:00  INFO 456144 --- [           main] .s.d.r.c.RepositoryConfigurationDelegate : Bootstrapping Spring Data JPA repositories in DEFAULT mode.
2025-10-30T09:01:45.883-03:00  INFO 456144 --- [           main] .s.d.r.c.RepositoryConfigurationDelegate : Finished Spring Data repository scanning in 106 ms. Found 20 JPA repository interfaces.
2025-10-30T09:01:46.492-03:00  INFO 456144 --- [           main] o.hibernate.jpa.internal.util.LogHelper  : HHH000204: Processing PersistenceUnitInfo [name: default]
2025-10-30T09:01:46.530-03:00  INFO 456144 --- [           main] org.hibernate.Version                    : HHH000412: Hibernate ORM core version 6.6.29.Final
2025-10-30T09:01:46.556-03:00  INFO 456144 --- [           main] o.h.c.internal.RegionFactoryInitiator    : HHH000026: Second-level cache disabled
2025-10-30T09:01:46.814-03:00  INFO 456144 --- [           main] o.s.o.j.p.SpringPersistenceUnitInfo      : No LoadTimeWeaver setup: ignoring JPA class transformer
2025-10-30T09:01:46.841-03:00  INFO 456144 --- [           main] com.zaxxer.hikari.HikariDataSource       : HikariPool-1 - Starting...
2025-10-30T09:01:47.013-03:00  INFO 456144 --- [           main] com.zaxxer.hikari.pool.HikariPool        : HikariPool-1 - Added connection conn0: url=jdbc:h2:mem:gimnasio_test user=SA
2025-10-30T09:01:47.015-03:00  INFO 456144 --- [           main] com.zaxxer.hikari.HikariDataSource       : HikariPool-1 - Start completed.
2025-10-30T09:01:47.045-03:00  WARN 456144 --- [           main] org.hibernate.orm.deprecation            : HHH90000025: H2Dialect does not need to be specified explicitly using 'hibernate.dialect' (remove the property setting and it will be selected by default)
2025-10-30T09:01:47.086-03:00  INFO 456144 --- [           main] org.hibernate.orm.connections.pooling    : HHH10001005: Database info:
	Database JDBC URL [Connecting through datasource 'HikariDataSource (HikariPool-1)']
	Database driver: undefined/unknown
	Database version: 2.3.232
	Autocommit mode: undefined/unknown
	Isolation level: undefined/unknown
	Minimum pool size: undefined/unknown
	Maximum pool size: undefined/unknown
2025-10-30T09:01:48.290-03:00  INFO 456144 --- [           main] o.h.e.t.j.p.i.JtaPlatformInitiator       : HHH000489: No JTA platform available (set 'hibernate.transaction.jta.platform' to enable JTA platform integration)
2025-10-30T09:01:48.375-03:00  INFO 456144 --- [           main] j.LocalContainerEntityManagerFactoryBean : Initialized JPA EntityManagerFactory for persistence unit 'default'
2025-10-30T09:01:48.634-03:00  INFO 456144 --- [           main] o.s.d.j.r.query.QueryEnhancerFactory     : Hibernate is in classpath; If applicable, HQL parser will be used.
2025-10-30T09:01:50.431-03:00  WARN 456144 --- [           main] JpaBaseConfiguration$JpaWebConfiguration : spring.jpa.open-in-view is enabled by default. Therefore, database queries may be performed during view rendering. Explicitly configure spring.jpa.open-in-view to disable this warning
2025-10-30T09:01:50.687-03:00  WARN 456144 --- [           main] r$InitializeUserDetailsManagerConfigurer : Global AuthenticationManager configured with an AuthenticationProvider bean. UserDetailsService beans will not be used by Spring Security for automatically configuring username/password login. Consider removing the AuthenticationProvider bean. Alternatively, consider using the UserDetailsService in a manually instantiated DaoAuthenticationProvider. If the current configuration is intentional, to turn off this warning, increase the logging level of 'org.springframework.security.config.annotation.authentication.configuration.InitializeUserDetailsBeanManagerConfigurer' to ERROR
2025-10-30T09:01:51.131-03:00  INFO 456144 --- [           main] c.f.gimnasio.GimnasioApplicationTests    : Started GimnasioApplicationTests in 6.38 seconds (process running for 7.247)
2025-10-30T09:01:51.415-03:00  INFO 456144 --- [           main] c.f.gimnasio.GimnasioApplication         : Usuario admin creado automáticamente.
]]></system-out>
  </testcase>
</testsuite>